<?xml version="1.0" encoding="utf-8"?><testsuites name="pytest tests"><testsuite name="pytest" errors="0" failures="0" skipped="4" tests="291" time="64.660" timestamp="2026-09-18T20:05:41.225040+08:00" hostname="CHINAMI-B152468"><testcase classname="tests.core.test_broadcast_isolation" name="test_broadcast_targets_without_project_goes_to_all" time="0.001" /><testcase classname="tests.core.test_broadcast_isolation" name="test_broadcast_targets_with_project_filters_others" time="0.000" /><testcase classname="tests.core.test_broadcast_isolation" name="test_unattributed_task_event_is_not_broadcast" time="0.000" /><testcase classname="tests.core.test_broadcast_isolation" name="test_unattributed_chat_event_is_not_broadcast" time="0.000" /><testcase classname="tests.core.test_broadcast_isolation" name="test_global_mode_event_still_broadcasts" time="0.000" /><testcase classname="tests.core.test_broadcast_isolation" name="test_attributed_task_event_broadcasts_with_project" time="0.000" /><testcase classname="tests.core.test_context_budget" name="test_estimate_tokens_is_chars_over_four" time="0.000" /><testcase classname="tests.core.test_context_budget" name="test_assemble_prompt_fixed_order" time="0.053" /><testcase classname="tests.core.test_context_budget" name="test_assemble_prompt_trims_files_within_budget" time="0.057" /><testcase classname="tests.core.test_context_budget" name="test_assemble_prompt_missing_file_marked" time="0.048" /><testcase classname="tests.core.test_context_budget" name="test_assembly_events_fields_frozen" time="0.054" /><testcase classname="tests.core.test_context_budget" name="test_budget_exceeded_when_fixed_section_alone_overflows" time="0.052" /><testcase classname="tests.core.test_context_budget" name="test_extract_keywords_hit_relevant_paragraphs" time="0.000" /><testcase classname="tests.core.test_context_budget" name="test_assemble_rework_prompt_incremental_only" time="0.055" /><testcase classname="tests.core.test_context_budget" name="test_smoke_memory_ref_trim_model_call_chain" time="0.055" /><testcase classname="tests.core.test_dag" name="test_detect_cycles_finds_cycle" time="0.000" /><testcase classname="tests.core.test_dag" name="test_detect_cycles_acyclic_returns_empty" time="0.000" /><testcase classname="tests.core.test_dag" name="test_assert_acyclic_raises" time="0.000" /><testcase classname="tests.core.test_dag" name="test_create_task_rejects_cycle" time="0.101" /><testcase classname="tests.core.test_dag" name="test_get_ready_tasks_dependency_and_conflict" time="0.204" /><testcase classname="tests.core.test_dag" name="test_get_ready_tasks_defers_on_write_conflict" time="0.189" /><testcase classname="tests.core.test_dag" name="test_release_dependents" time="0.208" /><testcase classname="tests.core.test_executors_registry" name="test_begin_snapshot_end_roundtrip" time="0.000" /><testcase classname="tests.core.test_executors_registry" name="test_same_pid_multiple_spawns_do_not_collide" time="0.000" /><testcase classname="tests.core.test_executors_registry" name="test_dead_process_is_reaped_by_snapshot" time="0.000" /><testcase classname="tests.core.test_executors_registry" name="test_run_context_capture_and_restore" time="0.000" /><testcase classname="tests.core.test_executors_registry" name="test_context_is_thread_local" time="0.001" /><testcase classname="tests.core.test_executors_registry" name="test_begin_without_pid_returns_none" time="0.000" /><testcase classname="tests.core.test_governance_api" name="test_approvals_requires_session" time="0.143" /><testcase classname="tests.core.test_governance_api" name="test_approvals_lifecycle" time="0.147" /><testcase classname="tests.core.test_governance_api" name="test_approvals_reject" time="0.141" /><testcase classname="tests.core.test_governance_api" name="test_usage_totals_and_by_date" time="0.219" /><testcase classname="tests.core.test_governance_api" name="test_budget_status_defaults_and_set" time="0.239" /><testcase classname="tests.core.test_governance_api" name="test_budget_consume_exceeded_visible" time="0.188" /><testcase classname="tests.core.test_intake" name="test_detect_launch_intent" time="0.000" /><testcase classname="tests.core.test_intake" name="test_start_project_creates_plan_and_tasks" time="0.144" /><testcase classname="tests.core.test_intake" name="test_schedule_progresses_tasks" time="0.260" /><testcase classname="tests.core.test_intake_project_identity" name="test_dialogue_intake_reuses_cli_registered_project" time="0.146" /><testcase classname="tests.core.test_intake_project_identity" name="test_manager_owns_planning_not_implementation" time="0.000" /><testcase classname="tests.core.test_intake_to_done_integration" name="test_intake_to_done_aggregates_real_dispatch_usage" time="1.069" /><testcase classname="tests.core.test_intake_to_done_integration" name="test_repeated_event_scan_does_not_duplicate_usage" time="0.139" /><testcase classname="tests.core.test_memory" name="test_add_entry_schema_frozen" time="0.044" /><testcase classname="tests.core.test_memory" name="test_add_entry_rejects_bad_kind_and_truncates_summary" time="0.052" /><testcase classname="tests.core.test_memory" name="test_record_decision_and_correction_emit_events" time="0.050" /><testcase classname="tests.core.test_memory" name="test_build_memory_header_empty_or_unknown_refs_is_empty" time="0.053" /><testcase classname="tests.core.test_memory" name="test_build_memory_header_summary_only_never_full_text" time="0.047" /><testcase classname="tests.core.test_memory" name="test_distill_from_report_creates_artifact_once" time="0.056" /><testcase classname="tests.core.test_memory" name="test_distill_from_report_missing_report_returns_none" time="0.043" /><testcase classname="tests.core.test_memory" name="test_ids_increase_monotonically_never_reuse" time="0.046" /><testcase classname="tests.core.test_observability_api" name="test_executors_running_lists_registered_processes" time="0.059" /><testcase classname="tests.core.test_observability_api" name="test_executors_running_requires_session" time="0.046" /><testcase classname="tests.core.test_observability_api" name="test_history_tasks_sorted_and_field_mapped" time="0.116" /><testcase classname="tests.core.test_observability_api" name="test_history_tasks_unknown_project" time="0.049" /><testcase classname="tests.core.test_observability_api" name="test_history_tasks_requires_session" time="0.044" /><testcase classname="tests.core.test_observability_api" name="test_role_profile_buckets_executed_reviewed_future" time="0.107" /><testcase classname="tests.core.test_observability_api" name="test_role_profile_requires_session" time="0.047" /><testcase classname="tests.core.test_opencode_usage" name="test_extracts_text_and_tokens_from_step_finish" time="0.000" /><testcase classname="tests.core.test_opencode_usage" name="test_non_json_output_passthrough_without_usage" time="0.000" /><testcase classname="tests.core.test_opencode_usage" name="test_empty_output_returns_empty_without_usage" time="0.000" /><testcase classname="tests.core.test_opencode_usage" name="test_json_without_tokens_falls_back" time="0.000" /><testcase classname="tests.core.test_plan_progress_tree" name="test_equal_mode_matches_legacy_done_over_total" time="0.000" /><testcase classname="tests.core.test_plan_progress_tree" name="test_weighted_leaf_sum_is_exactly_100" time="0.000" /><testcase classname="tests.core.test_plan_progress_tree" name="test_stage_default_weight_is_sum_of_children" time="0.000" /><testcase classname="tests.core.test_plan_progress_tree" name="test_explicit_stage_weight_overrides_child_rollup" time="0.000" /><testcase classname="tests.core.test_plan_progress_tree" name="test_orphan_tasks_form_virtual_stage" time="0.000" /><testcase classname="tests.core.test_plan_progress_tree" name="test_empty_stage_excluded_from_denominator" time="0.000" /><testcase classname="tests.core.test_plan_progress_tree" name="test_empty_plan_with_all_done_tasks_reaches_100" time="0.000" /><testcase classname="tests.core.test_plan_progress_tree" name="test_no_tasks_zero_percent" time="0.000" /><testcase classname="tests.core.test_plan_progress_tree" name="test_invalid_weights_fall_back_to_default" time="0.000" /><testcase classname="tests.core.test_plan_progress_tree" name="test_distribute_pct_exact_one_decimal" time="0.000" /><testcase classname="tests.core.test_pollution_guard" name="test_accident_names_all_detected" time="0.016" /><testcase classname="tests.core.test_pollution_guard" name="test_gate_rejects_flattened_path_pollution" time="0.968" /><testcase classname="tests.core.test_recovery" name="test_doing_kill_restart_no_duplicate_dispatch" time="0.134" /><testcase classname="tests.core.test_recovery" name="test_assigned_crash_resume_completes_chain" time="0.191" /><testcase classname="tests.core.test_recovery" name="test_assigned_crash_resume_run_to_completion" time="0.222" /><testcase classname="tests.core.test_recovery" name="test_doing_stuck_task_escalates_via_manual_release" time="0.195" /><testcase classname="tests.core.test_resolve_integration" name="test_resolve_to_done_chain" time="0.317" /><testcase classname="tests.core.test_resolve_integration" name="test_real_adapter_probe[claudecode-claude]" time="0.133" /><testcase classname="tests.core.test_resolve_integration" name="test_real_adapter_probe[codex-codex]" time="0.102" /><testcase classname="tests.core.test_resolve_integration" name="test_real_adapter_probe[hermes-hermes]" time="0.002"><skipped type="pytest.skip" message="hermes CLI 未安装，跳过能力探测（探测语义：缺 CLI 时返回全 False 能力，不抛错）">E:\Code\AideanFleet\tests\core\test_resolve_integration.py:85: hermes CLI 未安装，跳过能力探测（探测语义：缺 CLI 时返回全 False 能力，不抛错）</skipped></testcase><testcase classname="tests.core.test_resolve_integration" name="test_real_adapter_probe[opencode-opencode]" time="0.438" /><testcase classname="tests.core.test_retry_incremental" name="test_build_retry_context_with_git_repo" time="0.365" /><testcase classname="tests.core.test_retry_incremental" name="test_build_retry_context_without_git_falls_back" time="0.175" /><testcase classname="tests.core.test_retry_incremental" name="test_handle_rework_persists_retry_context" time="0.295" /><testcase classname="tests.core.test_retry_incremental" name="test_rework_dispatch_sends_only_increment" time="0.281" /><testcase classname="tests.core.test_retry_incremental" name="test_new_task_prompt_contains_memory_and_pass_event" time="0.143" /><testcase classname="tests.core.test_retry_incremental" name="test_context_budget_parse_rules[None-8000]" time="0.047" /><testcase classname="tests.core.test_retry_incremental" name="test_context_budget_parse_rules[0-8000]" time="0.053" /><testcase classname="tests.core.test_retry_incremental" name="test_context_budget_parse_rules[299-8000]" time="0.054" /><testcase classname="tests.core.test_retry_incremental" name="test_context_budget_parse_rules[300-300]" time="0.051" /><testcase classname="tests.core.test_retry_incremental" name="test_context_budget_parse_rules[12000-12000]" time="0.051" /><testcase classname="tests.core.test_rework_manager" name="test_handle_rework_merges_reason_into_detail" time="0.151" /><testcase classname="tests.core.test_rework_manager" name="test_redispatch_full_chain" time="0.288" /><testcase classname="tests.core.test_rework_manager" name="test_handle_rework_escalated_is_noop" time="0.196" /><testcase classname="tests.core.test_rework_manager" name="test_confirm_release_creates_successor" time="0.222" /><testcase classname="tests.core.test_rework_manager" name="test_confirm_release_rejects_non_escalated" time="0.063" /><testcase classname="tests.core.test_rework_manager" name="test_confirm_release_successor_id_increments" time="0.366" /><testcase classname="tests.core.test_roles_summary" name="test_roles_summary_aggregates_duration_and_usage" time="0.093" /><testcase classname="tests.core.test_roles_summary" name="test_roles_summary_requires_session" time="0.056" /><testcase classname="tests.core.test_scheduler" name="test_schedule_once_collects_drafts_and_dispatches" time="0.141" /><testcase classname="tests.core.test_scheduler" name="test_control_bus_mode_switch_and_confirm" time="0.054" /><testcase classname="tests.core.test_scheduler" name="test_run_loop_step_mode_waits_for_confirm" time="0.348" /><testcase classname="tests.core.test_scheduler" name="test_run_loop_auto_mode_dispatches_without_confirm" time="0.170" /><testcase classname="tests.core.test_scheduler" name="test_run_loop_step_mode_one_task_per_confirm" time="0.307" /><testcase classname="tests.core.test_scheduler" name="test_normal_dispatch_not_marked_blocked" time="0.144" /><testcase classname="tests.core.test_scheduler" name="test_dispatch_exception_after_doing_persists_blocked" time="0.125" /><testcase classname="tests.core.test_scheduler" name="test_dispatch_exception_in_step_mode_does_not_escape" time="0.123" /><testcase classname="tests.core.test_scheduler" name="test_run_loop_step_mode_survives_dispatch_exception" time="0.352" /><testcase classname="tests.core.test_scheduler" name="test_persist_failure_keeps_state_without_blocked_edge" time="0.123" /><testcase classname="tests.core.test_scheduler" name="test_persist_failure_is_silent" time="0.058" /><testcase classname="tests.core.test_scheduler" name="test_draft_collect_failure_is_reported_not_raised" time="0.051" /><testcase classname="tests.core.test_server_api" name="test_health_exact_contract_shape" time="0.043" /><testcase classname="tests.core.test_server_api" name="test_api_requires_session" time="0.042" /><testcase classname="tests.core.test_server_api" name="test_session_create_with_cookie_and_gbk_body" time="0.057" /><testcase classname="tests.core.test_server_api" name="test_session_rejects_unknown_project" time="0.039" /><testcase classname="tests.core.test_server_api" name="test_plan_and_events_contract" time="0.093" /><testcase classname="tests.core.test_server_api" name="test_plan_unknown_project_is_200_business_error" time="0.057" /><testcase classname="tests.core.test_server_api" name="test_launch_event_contract" time="0.064" /><testcase classname="tests.core.test_server_api" name="test_config_sections_and_aliases" time="0.085" /><testcase classname="tests.core.test_server_api" name="test_mode_and_confirm_and_control" time="0.237" /><testcase classname="tests.core.test_server_api" name="test_task_detail_and_dispatch_409" time="0.162" /><testcase classname="tests.core.test_server_api" name="test_notify_test_unwired_503" time="0.065" /><testcase classname="tests.core.test_session_project_identity" name="test_unlock_by_project_name" time="0.074" /><testcase classname="tests.core.test_session_project_identity" name="test_unlock_by_project_id" time="0.067" /><testcase classname="tests.core.test_session_project_identity" name="test_unlock_unknown_project_rejected" time="0.070" /><testcase classname="tests.core.test_session_project_identity" name="test_switch_session_project" time="0.071" /><testcase classname="tests.core.test_session_project_identity" name="test_switch_requires_valid_session" time="0.066" /><testcase classname="tests.core.test_session_project_identity" name="test_project_names_endpoint_exempt_and_minimal" time="0.081" /><testcase classname="tests.core.test_ten_scenarios" name="test_scenario_1_legal_chain" time="0.153" /><testcase classname="tests.core.test_ten_scenarios" name="test_scenario_2_illegal_transition" time="0.070" /><testcase classname="tests.core.test_ten_scenarios" name="test_scenario_3_fourth_rework_escalates" time="0.190" /><testcase classname="tests.core.test_ten_scenarios" name="test_scenario_4_config_atomic_crash" time="0.034" /><testcase classname="tests.core.test_ten_scenarios" name="test_scenario_5_concurrent_event_appends" time="0.063" /><testcase classname="tests.core.test_ten_scenarios" name="test_scenario_6_soft_retry_then_model_switch" time="0.162" /><testcase classname="tests.core.test_ten_scenarios" name="test_scenario_7_hard_fail_no_retry" time="0.149" /><testcase classname="tests.core.test_ten_scenarios" name="test_scenario_8_gate_fail_rework_without_llm" time="0.193" /><testcase classname="tests.core.test_ten_scenarios" name="test_scenario_9_plan_concurrent_atomic_write" time="0.059" /><testcase classname="tests.core.test_ten_scenarios" name="test_scenario_10_mock_executor_eight_events" time="0.219" /><testcase classname="tests.governance.test_governance.TestStoreInit" name="test_init_db_creates_tables" time="0.102" /><testcase classname="tests.governance.test_governance.TestStoreUsage" name="test_record_and_query" time="0.105" /><testcase classname="tests.governance.test_governance.TestStoreUsage" name="test_sum_by_task" time="0.107" /><testcase classname="tests.governance.test_governance.TestStoreBudget" name="test_upsert_and_get" time="0.084" /><testcase classname="tests.governance.test_governance.TestStoreBudget" name="test_upsert_update" time="0.090" /><testcase classname="tests.governance.test_governance.TestStoreApproval" name="test_create_and_decide" time="0.092" /><testcase classname="tests.governance.test_governance.TestStoreApproval" name="test_list_pending" time="0.104" /><testcase classname="tests.governance.test_governance.TestUsageAggregator" name="test_extract_usage_from_event" time="0.142" /><testcase classname="tests.governance.test_governance.TestUsageAggregator" name="test_extract_usage_no_usage_field" time="0.137" /><testcase classname="tests.governance.test_governance.TestUsageAggregator" name="test_extract_usage_non_model_call" time="0.099" /><testcase classname="tests.governance.test_governance.TestUsageAggregator" name="test_scan_events_file" time="0.106" /><testcase classname="tests.governance.test_governance.TestUsageAggregator" name="test_by_task" time="0.109" /><testcase classname="tests.governance.test_governance.TestBudgetManager" name="test_default_budget_exists" time="0.099" /><testcase classname="tests.governance.test_governance.TestBudgetManager" name="test_budget_limit_properties" time="0.096" /><testcase classname="tests.governance.test_governance.TestBudgetManager" name="test_budget_limit_exceeded" time="0.081" /><testcase classname="tests.governance.test_governance.TestBudgetManager" name="test_budget_limit_warning" time="0.077" /><testcase classname="tests.governance.test_governance.TestBudgetManager" name="test_consume_and_check" time="0.090" /><testcase classname="tests.governance.test_governance.TestBudgetManager" name="test_budget_exceeded_raises" time="0.103" /><testcase classname="tests.governance.test_governance.TestBudgetManager" name="test_budget_reset" time="0.116" /><testcase classname="tests.governance.test_governance.TestApprovalManager" name="test_request_approval" time="0.097" /><testcase classname="tests.governance.test_governance.TestApprovalManager" name="test_approve" time="0.094" /><testcase classname="tests.governance.test_governance.TestApprovalManager" name="test_reject" time="0.092" /><testcase classname="tests.governance.test_governance.TestApprovalManager" name="test_invalid_action_type" time="0.081" /><testcase classname="tests.governance.test_governance.TestApprovalManager" name="test_check_expired" time="0.094" /><testcase classname="tests.governance.test_governance.TestApprovalManager" name="test_list_pending" time="0.093" /><testcase classname="tests.governance.test_governance.TestReportGenerator" name="test_generate_daily" time="0.085" /><testcase classname="tests.governance.test_governance.TestReportGenerator" name="test_summary_dict" time="0.089" /><testcase classname="tests.governance.test_governance.TestReportGenerator" name="test_generate_for_task" time="0.093" /><testcase classname="tests.int.test_integration验收.TestExecutorSmoke" name="test_claude_code_version" time="0.093" /><testcase classname="tests.int.test_integration验收.TestExecutorSmoke" name="test_codex_version" time="0.205" /><testcase classname="tests.int.test_integration验收.TestExecutorSmoke" name="test_opencode_version" time="0.862" /><testcase classname="tests.int.test_integration验收.TestExecutorSmoke" name="test_hermes_version" time="0.002"><skipped type="pytest.skip" message="hermes 未安装（shutil.which 返回 None，本机实测）">E:\Code\AideanFleet\tests\int\_cli_probe.py:111: hermes 未安装（shutil.which 返回 None，本机实测）</skipped></testcase><testcase classname="tests.int.test_integration验收.TestExecutorSmoke" name="test_cli_call_limit_respected" time="0.000" /><testcase classname="tests.int.test_integration验收.TestFiveModeWalkthrough" name="test_plan_mode" time="0.091" /><testcase classname="tests.int.test_integration验收.TestFiveModeWalkthrough" name="test_run_mode" time="0.094" /><testcase classname="tests.int.test_integration验收.TestFiveModeWalkthrough" name="test_intake_mode" time="0.093" /><testcase classname="tests.int.test_integration验收.TestFiveModeWalkthrough" name="test_audit_mode" time="0.094" /><testcase classname="tests.int.test_integration验收.TestFiveModeWalkthrough" name="test_discuss_mode" time="0.091" /><testcase classname="tests.int.test_integration验收.TestFiveModeWalkthrough" name="test_invalid_mode_rejected" time="0.091" /><testcase classname="tests.int.test_integration验收.TestConcurrentStress" name="test_concurrent_dispatch" time="0.102" /><testcase classname="tests.int.test_integration验收.TestConcurrentStress" name="test_concurrent_usage_recording" time="0.149" /><testcase classname="tests.int.test_integration验收.TestConcurrentStress" name="test_concurrent_budget_checks" time="0.009" /><testcase classname="tests.int.test_integration验收.TestPhase2Checklist" name="test_01_governance_store_init" time="0.001" /><testcase classname="tests.int.test_integration验收.TestPhase2Checklist" name="test_02_usage_recording" time="0.010" /><testcase classname="tests.int.test_integration验收.TestPhase2Checklist" name="test_03_budget_pool_creation" time="0.001" /><testcase classname="tests.int.test_integration验收.TestPhase2Checklist" name="test_04_budget_circuit_breaker" time="0.007" /><testcase classname="tests.int.test_integration验收.TestPhase2Checklist" name="test_05_approval_gate_create" time="0.008" /><testcase classname="tests.int.test_integration验收.TestPhase2Checklist" name="test_06_approval_gate_approve" time="0.015" /><testcase classname="tests.int.test_integration验收.TestPhase2Checklist" name="test_07_approval_gate_reject" time="0.015" /><testcase classname="tests.int.test_integration验收.TestPhase2Checklist" name="test_08_report_generation" time="0.005" /><testcase classname="tests.int.test_integration验收.TestPhase2Checklist" name="test_09_fake_adapter_capabilities" time="0.000" /><testcase classname="tests.int.test_integration验收.TestPhase2Checklist" name="test_10_fake_adapter_run" time="0.101" /><testcase classname="tests.int.test_integration验收.TestPhase2Checklist" name="test_11_launch_core_import" time="0.000" /><testcase classname="tests.int.test_integration验收.TestPhase2Checklist" name="test_12_governance_budget_sync" time="0.162" /><testcase classname="tests.int.test_integration验收.TestPhase2Checklist" name="test_13_multiple_modes_dispatch" time="0.502" /><testcase classname="tests.int.test_integration验收.TestPhase2Checklist" name="test_14_concurrent_adapter_run" time="0.101" /><testcase classname="tests.int.test_resolve_chain" name="test_resolve_fake_adapter" time="0.000" /><testcase classname="tests.int.test_resolve_chain" name="test_fake_adapter_run_success" time="0.101" /><testcase classname="tests.int.test_resolve_chain" name="test_fake_adapter_run_429" time="0.101" /><testcase classname="tests.int.test_resolve_chain" name="test_fake_adapter_run_401" time="0.101" /><testcase classname="tests.int.test_resolve_chain" name="test_fake_adapter_run_timeout" time="0.101" /><testcase classname="tests.int.test_resolve_chain" name="test_fake_adapter_capabilities" time="0.000" /><testcase classname="tests.int.test_resolve_chain" name="test_fake_adapter_call_stats" time="0.101" /><testcase classname="tests.int.test_resolve_chain" name="test_base_adapter_is_contracts_compatible" time="0.000" /><testcase classname="tests.int.test_resolve_chain" name="test_fake_adapter_is_contracts_compatible" time="0.000" /><testcase classname="tests.rel.test_archive" name="test_rotate_moves_last_month_keeps_seq_continuous" time="0.042" /><testcase classname="tests.rel.test_archive" name="test_rotate_noop_when_all_current_month" time="0.040" /><testcase classname="tests.rel.test_archive" name="test_rotate_idempotent_rerun" time="0.047" /><testcase classname="tests.rel.test_archive" name="test_read_all_merges_archives_and_hot_in_seq_order" time="0.043" /><testcase classname="tests.rel.test_archive" name="test_multi_month_rotation_keeps_current_month_rows" time="0.044" /><testcase classname="tests.rel.test_archive" name="test_archive_evidence_zips_terminal_tasks" time="0.072" /><testcase classname="tests.rel.test_recovery_matrix" name="test_matrix_assigned_kill_resume_dispatches_once" time="0.140" /><testcase classname="tests.rel.test_recovery_matrix" name="test_matrix_doing_kill_resume_never_redispatches" time="0.114" /><testcase classname="tests.rel.test_recovery_matrix" name="test_matrix_submitted_kill_resume_review_without_redispatch" time="0.209" /><testcase classname="tests.rel.test_recovery_matrix" name="test_matrix_reviewing_kill_resume_can_continue_review" time="0.195" /><testcase classname="tests.rel.test_recovery_matrix" name="test_recover_all_handles_mixed_states_and_skips_failures" time="0.440" /><testcase classname="tests.rel.test_recovery_matrix" name="test_resume_rejects_state_outside_recoverable_set" time="0.056" /><testcase classname="tests.rel.test_retry_timer" name="test_scan_below_threshold_is_noop" time="0.076" /><testcase classname="tests.rel.test_retry_timer" name="test_scan_marks_stuck_once_then_stays_quiet" time="0.085" /><testcase classname="tests.rel.test_retry_timer" name="test_scan_escalates_to_blocked_at_double_threshold" time="0.119" /><testcase classname="tests.rel.test_retry_timer" name="test_scan_ignores_non_doing_tasks" time="0.093" /><testcase classname="tests.rel.test_retry_timer" name="test_task_stuck_seconds_default_and_env_override" time="0.035" /><testcase classname="tests.rel.test_retry_timer" name="test_stuck_event_seq_ordered_after_new_doing_cycle" time="0.129" /><testcase classname="tests.rel.test_watchdog" name="test_probe_failure_threshold_triggers_restart_and_event" time="0.034" /><testcase classname="tests.rel.test_watchdog" name="test_healthy_probe_never_restarts" time="0.038" /><testcase classname="tests.rel.test_watchdog" name="test_storm_guard_stops_and_escalates" time="0.035" /><testcase classname="tests.rel.test_watchdog" name="test_real_kill_and_revive_drill" time="2.356" /><testcase classname="tests.rel.test_watchdog" name="test_spawn_for_console_builds_detached_process" time="0.000" /><testcase classname="tests.test_budget_atomic" name="test_same_scope_keeps_layers_separate" time="0.105" /><testcase classname="tests.test_budget_atomic" name="test_setting_limit_and_reset_preserve_other_fields" time="0.117" /><testcase classname="tests.test_budget_atomic" name="test_concurrent_managers_do_not_lose_consumption" time="0.470" /><testcase classname="tests.test_budget_atomic" name="test_consumption_rolls_back_all_layers" time="0.111" /><testcase classname="tests.test_budget_atomic" name="test_invalid_consumption_rejected[-1]" time="0.082" /><testcase classname="tests.test_budget_atomic" name="test_invalid_consumption_rejected[1.5]" time="0.143" /><testcase classname="tests.test_budget_atomic" name="test_invalid_consumption_rejected[True]" time="0.137" /><testcase classname="tests.test_cli_default_name" name="test_default_project_name_derives_from_path" time="0.000" /><testcase classname="tests.test_cli_default_name" name="test_default_project_name_falls_back_when_empty" time="0.000" /><testcase classname="tests.test_cli_launch" name="test_health_contract[payload0-True]" time="0.001" /><testcase classname="tests.test_cli_launch" name="test_health_contract[payload1-False]" time="0.001" /><testcase classname="tests.test_cli_launch" name="test_health_contract[payload2-False]" time="0.000" /><testcase classname="tests.test_cli_launch" name="test_health_contract[payload3-False]" time="0.000" /><testcase classname="tests.test_cli_launch" name="test_start_console_propagates_port" time="0.001" /><testcase classname="tests.test_cli_launch" name="test_failed_console_stops_before_registration" time="0.002" /><testcase classname="tests.test_cli_launch" name="test_config_failure_stops_startup" time="0.002" /><testcase classname="tests.test_cli_launch" name="test_launch_uses_requested_port_and_reports_degradation" time="0.004" /><testcase classname="tests.test_cli_launch" name="test_occupied_console_is_reused_only_when_healthy" time="0.002" /><testcase classname="tests.test_cli_launch" name="test_launch_survives_gbk_console_stdout" time="0.002" /><testcase classname="tests.test_cli_launch" name="test_configure_stdio_skips_non_reconfigurable_stream" time="0.000" /><testcase classname="tests.test_cli_launch" name="test_child_env_forces_utf8_output" time="0.000" /><testcase classname="tests.test_confirm_no_block" name="test_blocked_confirm_returns_immediately_and_redispatches_async" time="0.435" /><testcase classname="tests.test_fake" name="test_fake_adapter_success" time="0.101" /><testcase classname="tests.test_fake" name="test_fake_adapter_fail_429" time="0.101" /><testcase classname="tests.test_fake" name="test_fake_adapter_fail_401" time="0.101" /><testcase classname="tests.test_fake" name="test_fake_adapter_fail_timeout" time="0.101" /><testcase classname="tests.test_fake" name="test_fake_adapter_send_test_mail" time="0.001" /><testcase classname="tests.test_fake" name="test_fake_adapter_registration" time="0.000" /><testcase classname="tests.test_fake" name="test_fake_adapter_injectable_failures" time="0.402" /><testcase classname="tests.test_fake" name="test_fake_adapter_signature_compliance" time="0.000" /><testcase classname="tests.test_hermes_entry" name="test_parse_basic" time="0.000" /><testcase classname="tests.test_hermes_entry" name="test_parse_all_modes" time="0.000" /><testcase classname="tests.test_hermes_entry" name="test_parse_minimal" time="0.000" /><testcase classname="tests.test_hermes_entry" name="test_parse_invalid_mode" time="0.000" /><testcase classname="tests.test_hermes_entry" name="test_parse_missing_project" time="0.001" /><testcase classname="tests.test_hermes_entry" name="test_parse_missing_mode" time="0.000" /><testcase classname="tests.test_hermes_entry" name="test_parse_discuss_with_seats" time="0.000" /><testcase classname="tests.test_notify" name="test_event_types" time="0.000" /><testcase classname="tests.test_notify" name="test_default_config" time="0.000" /><testcase classname="tests.test_notify" name="test_trigger_config" time="0.002" /><testcase classname="tests.test_notify" name="test_trigger_set_enabled" time="0.002" /><testcase classname="tests.test_notify" name="test_trigger_without_sender" time="0.001" /><testcase classname="tests.test_opencode_workspace" name="test_explicit_directory_and_environment" time="0.003" /><testcase classname="tests.test_opencode_workspace" name="test_missing_workspace_never_launches" time="0.001" /><testcase classname="tests.test_opencode_workspace" name="test_ambiguous_workspace_never_launches[]" time="0.002" /><testcase classname="tests.test_opencode_workspace" name="test_ambiguous_workspace_never_launches[relative/path]" time="0.002" /><testcase classname="tests.test_opencode_workspace" name="test_report_is_returned_not_written_outside_workspace" time="0.000" /><testcase classname="tests.test_opencode_workspace" name="test_no_powershell_assumption_in_prompt" time="0.000" /><testcase classname="tests.test_procguard" name="test_kill_tree_kills_process" time="1.894" /><testcase classname="tests.test_procguard" name="test_tree_safe_timeout_kills_tree" time="2.788" /><testcase classname="tests.test_procguard" name="test_tree_safe_normal_returns_output" time="0.399" /><testcase classname="tests.test_redlines" name="test_redline_safe_commands" time="0.001" /><testcase classname="tests.test_redlines" name="test_redline_dangerous_commands" time="0.000" /><testcase classname="tests.test_redlines" name="test_redline_logging" time="0.002" /><testcase classname="tests.test_redlines" name="test_deny_re_list" time="0.000" /><testcase classname="tests.test_scheduler_env_override" name="test_process_can_disable_global_scheduler" time="0.274" /><testcase classname="tests.test_smoke" name="test_claudecode_smoke" time="15.204" /><testcase classname="tests.test_smoke" name="test_codex_smoke" time="14.285" /><testcase classname="tests.test_smoke" name="test_opencode_smoke" time="0.448"><skipped type="pytest.skip" message="OpenCode 未安装，跳过冒烟测试">E:\Code\AideanFleet\tests\test_smoke.py:35: OpenCode 未安装，跳过冒烟测试</skipped></testcase><testcase classname="tests.test_smoke" name="test_hermes_smoke" time="0.005"><skipped type="pytest.skip" message="Hermes 未安装，跳过冒烟测试">E:\Code\AideanFleet\tests\test_smoke.py:69: Hermes 未安装，跳过冒烟测试</skipped></testcase><testcase classname="tests.test_subprocess_encoding" name="test_subprocess_utf8_roundtrip_with_gbk_default" time="0.291" /><testcase classname="tests.test_watch_events" name="test_watch_events_loop_basic" time="0.106" /><testcase classname="tests.test_watch_events" name="test_watch_events_loop_project_filter" time="0.105" /><testcase classname="tests.test_watch_events" name="test_watch_events_loop_idempotent" time="0.105" /><testcase classname="tests.test_watch_events" name="test_watch_events_loop_invalid_event" time="0.107" /></testsuite></testsuites>